<?xml version="1.0" encoding="UTF-8"?>
<!-- Generated by org.testng.reporters.JUnitReportReporter -->
<testsuite name="Test.Test3" tests="3" time="0.008" ignored="0" failures="0" timestamp="25 Apr 2020 04:42:39 GMT" skipped="0" hostname="DESKTOP-KLLTQMA" errors="0">
  <testcase name="tc04" time="0.004" classname="Test.Test3"/>
  <testcase name="tc04" time="0.001" classname="Test.Test3"/>
  <testcase name="tc04" time="0.003" classname="Test.Test3"/>
</testsuite> <!-- Test.Test3 -->
